[2026-07-18T18:51:59] Started log at "X:\nixos\logs\2026-07-18T18-51-59.log"
[2026-07-18T18:51:59] Initializing game version file
[2026-07-18T18:51:59] Initializing launcher configuration file
[2026-07-18T18:51:59] [Launcher Settings] WindowsVersionChecked changed
[2026-07-18T18:51:59] Game is installed on NTFS filesystem
[2026-07-18T18:51:59] Filesystem NTFS supports symlinks
[2026-07-18T18:51:59] [Launcher Settings] filesystemChecked changed
[2026-07-18T18:51:59] WV2 runtime version: 
[2026-07-18T18:51:59] Initializing UI components
[2026-07-18T18:51:59] Initializing UI logic
[2026-07-18T18:51:59] Initializing launcher profile settings
[2026-07-18T18:51:59] Initializing download manager
[2026-07-18T18:52:00] Folder X:\contents\local\NCSoft\data created
[2026-07-18T18:52:00] ..\contents\local\NCSoft\data\config64_eu.dat config does not exist, operation aborted
[2026-07-18T18:52:00] FTH key not found in registry
[2026-07-18T18:52:00] Pinging https://cdn.sebns.com/...
[2026-07-18T18:52:00] status:Success ping:22ms
[2026-07-18T18:52:01] Loading profile: default
[2026-07-18T18:52:01] [Profiles] creating/loading profile finished
[2026-07-18T18:52:01] [EffectRemover] Applying profile default
[2026-07-18T18:52:01] [EffectRemover] Starting validation/linking effect files
[2026-07-18T18:52:01] [EffectRemover] Unlinking upk 00064736
[2026-07-18T18:52:01] [EffectRemover] Not found any file or link related to 00064736 (NN)
[2026-07-18T18:52:01] [EffectRemover] 00064736 was marked as corrupted/missing, please use repair animation functions
[2026-07-18T18:52:01] [EffectRemover] Linking upk 00007916
[2026-07-18T18:52:01] [EffectRemover] Not found any file or link related to 00007916 (NN)
[2026-07-18T18:52:01] [EffectRemover] 00007916 was marked as corrupted/missing, please use repair animation functions
[2026-07-18T18:52:01] [EffectRemover] Linking upk 00056572
[2026-07-18T18:52:01] [EffectRemover] Not found any file or link related to 00056572 (NN)
[2026-07-18T18:52:01] [EffectRemover] 00056572 was marked as corrupted/missing, please use repair animation functions
[2026-07-18T18:52:01] [EffectRemover] Linking upk 00068516
[2026-07-18T18:52:01] [EffectRemover] Not found any file or link related to 00068516 (NN)
[2026-07-18T18:52:01] [EffectRemover] 00068516 was marked as corrupted/missing, please use repair animation functions
[2026-07-18T18:52:01] [EffectRemover] Linking upk 00018601
[2026-07-18T18:52:01] [EffectRemover] Not found any file or link related to 00018601 (NN)
[2026-07-18T18:52:01] [EffectRemover] 00018601 was marked as corrupted/missing, please use repair animation functions
[2026-07-18T18:52:01] [EffectRemover] Linking upk 00056574
[2026-07-18T18:52:01] [EffectRemover] Not found any file or link related to 00056574 (NN)
[2026-07-18T18:52:01] [EffectRemover] Linking upk 00078303
[2026-07-18T18:52:01] [EffectRemover] Not found any file or link related to 00078303 (NN)
[2026-07-18T18:52:01] [EffectRemover] 00078303 was marked as corrupted/missing, please use repair animation functions
[2026-07-18T18:52:01] [EffectRemover] Linking upk 00078533
[2026-07-18T18:52:01] [EffectRemover] Not found any file or link related to 00078533 (NN)
[2026-07-18T18:52:01] [EffectRemover] 00078533 was marked as corrupted/missing, please use repair animation functions
[2026-07-18T18:52:01] [EffectRemover] Unlinking upk 00007911
[2026-07-18T18:52:01] [EffectRemover] Not found any file or link related to 00007911 (NN)
[2026-07-18T18:52:01] [EffectRemover] Unlinking upk 00056567
[2026-07-18T18:52:01] [EffectRemover] Not found any file or link related to 00056567 (NN)
[2026-07-18T18:52:01] [EffectRemover] 00056567 was marked as corrupted/missing, please use repair animation functions
[2026-07-18T18:52:01] [EffectRemover] Unlinking upk 00007914
[2026-07-18T18:52:01] [EffectRemover] Not found any file or link related to 00007914 (NN)
[2026-07-18T18:52:01] [EffectRemover] 00007914 was marked as corrupted/missing, please use repair animation functions
[2026-07-18T18:52:01] [EffectRemover] Unlinking upk 00056570
[2026-07-18T18:52:01] [EffectRemover] Not found any file or link related to 00056570 (NN)
[2026-07-18T18:52:01] [EffectRemover] 00056570 was marked as corrupted/missing, please use repair animation functions
[2026-07-18T18:52:01] [EffectRemover] Unlinking upk 00007913
[2026-07-18T18:52:01] [EffectRemover] Not found any file or link related to 00007913 (NN)
[2026-07-18T18:52:01] [EffectRemover] 00007913 was marked as corrupted/missing, please use repair animation functions
[2026-07-18T18:52:01] [EffectRemover] Unlinking upk 00056569
[2026-07-18T18:52:01] [EffectRemover] Not found any file or link related to 00056569 (NN)
[2026-07-18T18:52:01] [EffectRemover] 00056569 was marked as corrupted/missing, please use repair animation functions
[2026-07-18T18:52:01] [EffectRemover] Not found any file or link related to 00068626 (NN)
[2026-07-18T18:52:01] [EffectRemover] 00068626 was marked as corrupted/missing, please use repair animation functions
[2026-07-18T18:52:01] [EffectRemover] Unlinking upk 00007915
[2026-07-18T18:52:01] [EffectRemover] Not found any file or link related to 00007915 (NN)
[2026-07-18T18:52:01] [EffectRemover] Unlinking upk 00056571
[2026-07-18T18:52:01] [EffectRemover] Not found any file or link related to 00056571 (NN)
[2026-07-18T18:52:01] [EffectRemover] 00056571 was marked as corrupted/missing, please use repair animation functions
[2026-07-18T18:52:01] [EffectRemover] Unlinking upk 00007912
[2026-07-18T18:52:01] [EffectRemover] Not found any file or link related to 00007912 (NN)
[2026-07-18T18:52:01] [EffectRemover] Unlinking upk 00056568
[2026-07-18T18:52:01] [EffectRemover] Not found any file or link related to 00056568 (NN)
[2026-07-18T18:52:01] [EffectRemover] 00056568 was marked as corrupted/missing, please use repair animation functions
[2026-07-18T18:52:01] [EffectRemover] Unlinking upk 00064820
[2026-07-18T18:52:01] [EffectRemover] Not found any file or link related to 00064820 (NN)
[2026-07-18T18:52:01] [EffectRemover] 00064820 was marked as corrupted/missing, please use repair animation functions
[2026-07-18T18:52:01] [EffectRemover] Unlinking upk 00034408
[2026-07-18T18:52:01] [EffectRemover] Not found any file or link related to 00034408 (NN)
[2026-07-18T18:52:01] [EffectRemover] 00034408 was marked as corrupted/missing, please use repair animation functions
[2026-07-18T18:52:01] [EffectRemover] Not found any file or link related to 00056576 (NN)
[2026-07-18T18:52:01] [EffectRemover] 00056576 was marked as corrupted/missing, please use repair animation functions
[2026-07-18T18:52:01] [EffectRemover] Unlinking upk 00007917
[2026-07-18T18:52:01] [EffectRemover] Not found any file or link related to 00007917 (NN)
[2026-07-18T18:52:01] [EffectRemover] Unlinking upk 00056573
[2026-07-18T18:52:01] [EffectRemover] Not found any file or link related to 00056573 (NN)
[2026-07-18T18:52:01] [EffectRemover] 00056573 was marked as corrupted/missing, please use repair animation functions
[2026-07-18T18:52:01] [EffectRemover] Unlinking upk 00080266
[2026-07-18T18:52:01] [EffectRemover] Not found any file or link related to 00080266 (NN)
[2026-07-18T18:52:01] [EffectRemover] 00080266 was marked as corrupted/missing, please use repair animation functions
[2026-07-18T18:52:01] [EffectRemover] Unlinking upk 00023439
[2026-07-18T18:52:01] [EffectRemover] Not found any file or link related to 00023439 (NN)
[2026-07-18T18:52:01] [EffectRemover] 00023439 was marked as corrupted/missing, please use repair animation functions
[2026-07-18T18:52:01] [EffectRemover] Unlinking upk 00056575
[2026-07-18T18:52:01] [EffectRemover] Not found any file or link related to 00056575 (NN)
[2026-07-18T18:52:01] [EffectRemover] 00056575 was marked as corrupted/missing, please use repair animation functions
[2026-07-18T18:52:01] [EffectRemover] Unlinking upk 00080259
[2026-07-18T18:52:01] [EffectRemover] Not found any file or link related to 00080259 (NN)
[2026-07-18T18:52:01] [EffectRemover] Unlinking upk 00056126
[2026-07-18T18:52:01] [EffectRemover] Not found any file or link related to 00056126 (NN)
[2026-07-18T18:52:01] [EffectRemover] Unlinking upk 00056566
[2026-07-18T18:52:01] [EffectRemover] Not found any file or link related to 00056566 (NN)
[2026-07-18T18:52:01] [EffectRemover] Unlinking upk 00056577
[2026-07-18T18:52:01] [EffectRemover] Not found any file or link related to 00056577 (NN)
[2026-07-18T18:52:01] [EffectRemover] Unlinking upk 00069237
[2026-07-18T18:52:01] [EffectRemover] Not found any file or link related to 00069237 (NN)
[2026-07-18T18:52:01] [EffectRemover] 00069237 was marked as corrupted/missing, please use repair animation functions
[2026-07-18T18:52:01] [EffectRemover] Unlinking upk 00069238
[2026-07-18T18:52:01] [EffectRemover] Not found any file or link related to 00069238 (NN)
[2026-07-18T18:52:01] [EffectRemover] 00069238 was marked as corrupted/missing, please use repair animation functions
[2026-07-18T18:52:01] [EffectRemover] Linking upk 00007910
[2026-07-18T18:52:01] [EffectRemover] Not found any file or link related to 00007910 (NN)
[2026-07-18T18:52:01] [EffectRemover] Linking upk 00010628
[2026-07-18T18:52:01] [EffectRemover] Not found any file or link related to 00010628 (NN)
[2026-07-18T18:52:01] [EffectRemover] 00010628 was marked as corrupted/missing, please use repair animation functions
[2026-07-18T18:52:01] [EffectRemover] Linking upk 00013419
[2026-07-18T18:52:01] [EffectRemover] Not found any file or link related to 00013419 (NN)
[2026-07-18T18:52:01] [EffectRemover] 00013419 was marked as corrupted/missing, please use repair animation functions
[2026-07-18T18:52:01] [EffectRemover] Linking upk 00010471
[2026-07-18T18:52:01] [EffectRemover] Not found any file or link related to 00010471 (NN)
[2026-07-18T18:52:01] [EffectRemover] 00010471 was marked as corrupted/missing, please use repair animation functions
[2026-07-18T18:52:01] [EffectRemover] Linking upk 00010472
[2026-07-18T18:52:01] [EffectRemover] Not found any file or link related to 00010472 (NN)
[2026-07-18T18:52:01] [EffectRemover] Linking upk 00015075
[2026-07-18T18:52:01] [EffectRemover] Not found any file or link related to 00015075 (NN)
[2026-07-18T18:52:01] [EffectRemover] 00015075 was marked as corrupted/missing, please use repair animation functions
[2026-07-18T18:52:01] [EffectRemover] Linking upk 00068424
[2026-07-18T18:52:01] [EffectRemover] Not found any file or link related to 00068424 (NN)
[2026-07-18T18:52:01] [EffectRemover] 00068424 was marked as corrupted/missing, please use repair animation functions
[2026-07-18T18:52:01] [EffectRemover] Linking upk 00010937
[2026-07-18T18:52:01] [EffectRemover] Not found any file or link related to 00010937 (NN)
[2026-07-18T18:52:01] [EffectRemover] 00010937 was marked as corrupted/missing, please use repair animation functions
[2026-07-18T18:52:01] [EffectRemover] Linking upk 00022557
[2026-07-18T18:52:01] [EffectRemover] Not found any file or link related to 00022557 (NN)
[2026-07-18T18:52:01] [EffectRemover] 00022557 was marked as corrupted/missing, please use repair animation functions
[2026-07-18T18:52:01] [EffectRemover] Linking upk 00023730
[2026-07-18T18:52:01] [EffectRemover] Not found any file or link related to 00023730 (NN)
[2026-07-18T18:52:01] [EffectRemover] 00023730 was marked as corrupted/missing, please use repair animation functions
[2026-07-18T18:52:01] [EffectRemover] Linking upk 00023510
[2026-07-18T18:52:01] [EffectRemover] Not found any file or link related to 00023510 (NN)
[2026-07-18T18:52:01] [EffectRemover] 00023510 was marked as corrupted/missing, please use repair animation functions
[2026-07-18T18:52:01] [EffectRemover] Linking upk 00015077
[2026-07-18T18:52:01] [EffectRemover] Not found any file or link related to 00015077 (NN)
[2026-07-18T18:52:01] [EffectRemover] 00015077 was marked as corrupted/missing, please use repair animation functions
[2026-07-18T18:52:01] [EffectRemover] Linking upk 00023841
[2026-07-18T18:52:01] [EffectRemover] Not found any file or link related to 00023841 (NN)
[2026-07-18T18:52:01] [EffectRemover] 00023841 was marked as corrupted/missing, please use repair animation functions
[2026-07-18T18:52:01] [EffectRemover] Linking upk 00022560
[2026-07-18T18:52:01] [EffectRemover] Not found any file or link related to 00022560 (NN)
[2026-07-18T18:52:01] [EffectRemover] 00022560 was marked as corrupted/missing, please use repair animation functions
[2026-07-18T18:52:01] [EffectRemover] Linking upk 00023729
[2026-07-18T18:52:01] [EffectRemover] Not found any file or link related to 00023729 (NN)
[2026-07-18T18:52:01] [EffectRemover] 00023729 was marked as corrupted/missing, please use repair animation functions
[2026-07-18T18:52:01] [EffectRemover] Linking upk 00020635
[2026-07-18T18:52:01] [EffectRemover] Not found any file or link related to 00020635 (NN)
[2026-07-18T18:52:01] [EffectRemover] 00020635 was marked as corrupted/missing, please use repair animation functions
[2026-07-18T18:52:01] [EffectRemover] Linking upk 00023959
[2026-07-18T18:52:01] [EffectRemover] Not found any file or link related to 00023959 (NN)
[2026-07-18T18:52:01] [EffectRemover] 00023959 was marked as corrupted/missing, please use repair animation functions
[2026-07-18T18:52:01] [EffectRemover] Linking upk 00020608
[2026-07-18T18:52:01] [EffectRemover] Not found any file or link related to 00020608 (NN)
[2026-07-18T18:52:01] [EffectRemover] 00020608 was marked as corrupted/missing, please use repair animation functions
[2026-07-18T18:52:01] [EffectRemover] Linking upk 00013374
[2026-07-18T18:52:01] [EffectRemover] Not found any file or link related to 00013374 (NN)
[2026-07-18T18:52:01] [EffectRemover] 00013374 was marked as corrupted/missing, please use repair animation functions
[2026-07-18T18:52:01] [EffectRemover] Not found any file or link related to 00068520 (NN)
[2026-07-18T18:52:01] [EffectRemover] 00068520 was marked as corrupted/missing, please use repair animation functions
[2026-07-18T18:52:01] [EffectRemover] Linking upk 00007920
[2026-07-18T18:52:01] [EffectRemover] Not found any file or link related to 00007920 (NN)
[2026-07-18T18:52:01] [EffectRemover] 00007920 was marked as corrupted/missing, please use repair animation functions
[2026-07-18T18:52:01] [EffectRemover] Linking upk 00021741
[2026-07-18T18:52:01] [EffectRemover] Not found any file or link related to 00021741 (NN)
[2026-07-18T18:52:01] [EffectRemover] 00021741 was marked as corrupted/missing, please use repair animation functions
[2026-07-18T18:52:01] [EffectRemover] Linking upk 00054010
[2026-07-18T18:52:01] [EffectRemover] Not found any file or link related to 00054010 (NN)
[2026-07-18T18:52:01] [EffectRemover] 00054010 was marked as corrupted/missing, please use repair animation functions
[2026-07-18T18:52:01] [EffectRemover] Linking upk 00068582
[2026-07-18T18:52:01] [EffectRemover] Not found any file or link related to 00068582 (NN)
[2026-07-18T18:52:01] [EffectRemover] 00068582 was marked as corrupted/missing, please use repair animation functions
[2026-07-18T18:52:01] [EffectRemover] Linking upk 00022558
[2026-07-18T18:52:01] [EffectRemover] Not found any file or link related to 00022558 (NN)
[2026-07-18T18:52:01] [EffectRemover] 00022558 was marked as corrupted/missing, please use repair animation functions
[2026-07-18T18:52:01] [EffectRemover] Linking upk 00068422
[2026-07-18T18:52:01] [EffectRemover] Not found any file or link related to 00068422 (NN)
[2026-07-18T18:52:01] [EffectRemover] 00068422 was marked as corrupted/missing, please use repair animation functions
[2026-07-18T18:52:01] [EffectRemover] Unlinking upk 00064738
[2026-07-18T18:52:01] [EffectRemover] Not found any file or link related to 00064738 (NN)
[2026-07-18T18:52:01] [EffectRemover] 00064738 was marked as corrupted/missing, please use repair animation functions
[2026-07-18T18:52:01] [EffectRemover] Unlinking upk 00068166
[2026-07-18T18:52:01] [EffectRemover] Not found any file or link related to 00068166 (NN)
[2026-07-18T18:52:01] [EffectRemover] 00068166 was marked as corrupted/missing, please use repair animation functions
[2026-07-18T18:52:01] [EffectRemover] Linking upk 00010504
[2026-07-18T18:52:01] [EffectRemover] Not found any file or link related to 00010504 (NN)
[2026-07-18T18:52:01] [EffectRemover] 00010504 was marked as corrupted/missing, please use repair animation functions
[2026-07-18T18:52:01] [EffectRemover] Linking upk 00060553
[2026-07-18T18:52:01] [EffectRemover] Not found any file or link related to 00060553 (NN)
[2026-07-18T18:52:01] [EffectRemover] 00060553 was marked as corrupted/missing, please use repair animation functions
[2026-07-18T18:52:01] [EffectRemover] Linking upk 00069254
[2026-07-18T18:52:01] [EffectRemover] Not found any file or link related to 00069254 (NN)
[2026-07-18T18:52:01] [EffectRemover] 00069254 was marked as corrupted/missing, please use repair animation functions
[2026-07-18T18:52:01] [EffectRemover] Linking upk 00031769
[2026-07-18T18:52:01] [EffectRemover] Not found any file or link related to 00031769 (NN)
[2026-07-18T18:52:01] [EffectRemover] 00031769 was marked as corrupted/missing, please use repair animation functions
[2026-07-18T18:52:01] [EffectRemover] Linking upk 00060555
[2026-07-18T18:52:01] [EffectRemover] Not found any file or link related to 00060555 (NN)
[2026-07-18T18:52:01] [EffectRemover] Linking upk 00072644
[2026-07-18T18:52:01] [EffectRemover] Not found any file or link related to 00072644 (NN)
[2026-07-18T18:52:01] [EffectRemover] 00072644 was marked as corrupted/missing, please use repair animation functions
[2026-07-18T18:52:01] [EffectRemover] Linking upk 00072646
[2026-07-18T18:52:01] [EffectRemover] Not found any file or link related to 00072646 (NN)
[2026-07-18T18:52:01] [EffectRemover] 00072646 was marked as corrupted/missing, please use repair animation functions
[2026-07-18T18:52:01] [EffectRemover] Linking upk 00010354
[2026-07-18T18:52:01] [EffectRemover] Not found any file or link related to 00010354 (NN)
[2026-07-18T18:52:01] [EffectRemover] Linking upk 00060548
[2026-07-18T18:52:01] [EffectRemover] Not found any file or link related to 00060548 (NN)
[2026-07-18T18:52:01] [EffectRemover] 00060548 was marked as corrupted/missing, please use repair animation functions
[2026-07-18T18:52:01] [EffectRemover] Linking upk 00013263
[2026-07-18T18:52:01] [EffectRemover] Not found any file or link related to 00013263 (NN)
[2026-07-18T18:52:01] [EffectRemover] 00013263 was marked as corrupted/missing, please use repair animation functions
[2026-07-18T18:52:01] [EffectRemover] Unlinking upk 00008841
[2026-07-18T18:52:01] [EffectRemover] Not found any file or link related to 00008841 (NN)
[2026-07-18T18:52:01] [EffectRemover] 00008841 was marked as corrupted/missing, please use repair animation functions
[2026-07-18T18:52:01] [EffectRemover] Unlinking upk 00060551
[2026-07-18T18:52:01] [EffectRemover] Not found any file or link related to 00060551 (NN)
[2026-07-18T18:52:01] [EffectRemover] 00060551 was marked as corrupted/missing, please use repair animation functions
[2026-07-18T18:52:01] [EffectRemover] Unlinking upk 00067307
[2026-07-18T18:52:01] [EffectRemover] Not found any file or link related to 00067307 (NN)
[2026-07-18T18:52:01] [EffectRemover] 00067307 was marked as corrupted/missing, please use repair animation functions
[2026-07-18T18:52:01] [EffectRemover] Unlinking upk 00009801
[2026-07-18T18:52:01] [EffectRemover] Not found any file or link related to 00009801 (NN)
[2026-07-18T18:52:01] [EffectRemover] 00009801 was marked as corrupted/missing, please use repair animation functions
[2026-07-18T18:52:01] [EffectRemover] Unlinking upk 00060550
[2026-07-18T18:52:01] [EffectRemover] Not found any file or link related to 00060550 (NN)
[2026-07-18T18:52:01] [EffectRemover] 00060550 was marked as corrupted/missing, please use repair animation functions
[2026-07-18T18:52:01] [EffectRemover] Unlinking upk 00072638
[2026-07-18T18:52:01] [EffectRemover] Not found any file or link related to 00072638 (NN)
[2026-07-18T18:52:01] [EffectRemover] 00072638 was marked as corrupted/missing, please use repair animation functions
[2026-07-18T18:52:01] [EffectRemover] Unlinking upk 00068628
[2026-07-18T18:52:01] [EffectRemover] Not found any file or link related to 00068628 (NN)
[2026-07-18T18:52:01] [EffectRemover] 00068628 was marked as corrupted/missing, please use repair animation functions
[2026-07-18T18:52:01] [EffectRemover] Unlinking upk 00007307
[2026-07-18T18:52:01] [EffectRemover] Not found any file or link related to 00007307 (NN)
[2026-07-18T18:52:01] [EffectRemover] 00007307 was marked as corrupted/missing, please use repair animation functions
[2026-07-18T18:52:01] [EffectRemover] Unlinking upk 00060552
[2026-07-18T18:52:01] [EffectRemover] Not found any file or link related to 00060552 (NN)
[2026-07-18T18:52:01] [EffectRemover] 00060552 was marked as corrupted/missing, please use repair animation functions
[2026-07-18T18:52:01] [EffectRemover] Unlinking upk 00010771
[2026-07-18T18:52:01] [EffectRemover] Not found any file or link related to 00010771 (NN)
[2026-07-18T18:52:01] [EffectRemover] 00010771 was marked as corrupted/missing, please use repair animation functions
[2026-07-18T18:52:01] [EffectRemover] Unlinking upk 00060549
[2026-07-18T18:52:01] [EffectRemover] Not found any file or link related to 00060549 (NN)
[2026-07-18T18:52:01] [EffectRemover] Unlinking upk 00064821
[2026-07-18T18:52:01] [EffectRemover] Not found any file or link related to 00064821 (NN)
[2026-07-18T18:52:01] [EffectRemover] 00064821 was marked as corrupted/missing, please use repair animation functions
[2026-07-18T18:52:01] [EffectRemover] Not found any file or link related to 00034433 (NN)
[2026-07-18T18:52:01] [EffectRemover] 00034433 was marked as corrupted/missing, please use repair animation functions
[2026-07-18T18:52:01] [EffectRemover] Unlinking upk 00060557
[2026-07-18T18:52:01] [EffectRemover] Not found any file or link related to 00060557 (NN)
[2026-07-18T18:52:01] [EffectRemover] 00060557 was marked as corrupted/missing, please use repair animation functions
[2026-07-18T18:52:01] [EffectRemover] Unlinking upk 00006660
[2026-07-18T18:52:01] [EffectRemover] Not found any file or link related to 00006660 (NN)
[2026-07-18T18:52:01] [EffectRemover] 00006660 was marked as corrupted/missing, please use repair animation functions
[2026-07-18T18:52:01] [EffectRemover] Unlinking upk 00080169
[2026-07-18T18:52:01] [EffectRemover] Not found any file or link related to 00080169 (NN)
[2026-07-18T18:52:01] [EffectRemover] 00080169 was marked as corrupted/missing, please use repair animation functions
[2026-07-18T18:52:01] [EffectRemover] Unlinking upk 00010869
[2026-07-18T18:52:01] [EffectRemover] Not found any file or link related to 00010869 (NN)
[2026-07-18T18:52:01] [EffectRemover] 00010869 was marked as corrupted/missing, please use repair animation functions
[2026-07-18T18:52:01] [EffectRemover] Unlinking upk 00060554
[2026-07-18T18:52:01] [EffectRemover] Not found any file or link related to 00060554 (NN)
[2026-07-18T18:52:01] [EffectRemover] 00060554 was marked as corrupted/missing, please use repair animation functions
[2026-07-18T18:52:01] [EffectRemover] Unlinking upk 00023411
[2026-07-18T18:52:01] [EffectRemover] Not found any file or link related to 00023411 (NN)
[2026-07-18T18:52:01] [EffectRemover] 00023411 was marked as corrupted/missing, please use repair animation functions
[2026-07-18T18:52:01] [EffectRemover] Not found any file or link related to 00023412 (NN)
[2026-07-18T18:52:01] [EffectRemover] 00023412 was marked as corrupted/missing, please use repair animation functions
[2026-07-18T18:52:01] [EffectRemover] Unlinking upk 00060556
[2026-07-18T18:52:01] [EffectRemover] Not found any file or link related to 00060556 (NN)
[2026-07-18T18:52:01] [EffectRemover] 00060556 was marked as corrupted/missing, please use repair animation functions
[2026-07-18T18:52:01] [EffectRemover] Unlinking upk 00023440
[2026-07-18T18:52:01] [EffectRemover] Not found any file or link related to 00023440 (NN)
[2026-07-18T18:52:01] [EffectRemover] 00023440 was marked as corrupted/missing, please use repair animation functions
[2026-07-18T18:52:01] [EffectRemover] Unlinking upk 00080679
[2026-07-18T18:52:01] [EffectRemover] Not found any file or link related to 00080679 (NN)
[2026-07-18T18:52:01] [EffectRemover] 00080679 was marked as corrupted/missing, please use repair animation functions
[2026-07-18T18:52:01] [EffectRemover] Unlinking upk 00056127
[2026-07-18T18:52:01] [EffectRemover] Not found any file or link related to 00056127 (NN)
[2026-07-18T18:52:01] [EffectRemover] 00056127 was marked as corrupted/missing, please use repair animation functions
[2026-07-18T18:52:01] [EffectRemover] Unlinking upk 00060558
[2026-07-18T18:52:01] [EffectRemover] Not found any file or link related to 00060558 (NN)
[2026-07-18T18:52:01] [EffectRemover] 00060558 was marked as corrupted/missing, please use repair animation functions
[2026-07-18T18:52:01] [EffectRemover] Unlinking upk 00072639
[2026-07-18T18:52:01] [EffectRemover] Not found any file or link related to 00072639 (NN)
[2026-07-18T18:52:01] [EffectRemover] 00072639 was marked as corrupted/missing, please use repair animation functions
[2026-07-18T18:52:01] [EffectRemover] Unlinking upk 00072642
[2026-07-18T18:52:01] [EffectRemover] Not found any file or link related to 00072642 (NN)
[2026-07-18T18:52:01] [EffectRemover] 00072642 was marked as corrupted/missing, please use repair animation functions
[2026-07-18T18:52:01] [EffectRemover] Linking upk 00009393
[2026-07-18T18:52:01] [EffectRemover] Not found any file or link related to 00009393 (NN)
[2026-07-18T18:52:01] [EffectRemover] 00009393 was marked as corrupted/missing, please use repair animation functions
[2026-07-18T18:52:01] [EffectRemover] Linking upk 00009812
[2026-07-18T18:52:01] [EffectRemover] Not found any file or link related to 00009812 (NN)
[2026-07-18T18:52:01] [EffectRemover] 00009812 was marked as corrupted/missing, please use repair animation functions
[2026-07-18T18:52:01] [EffectRemover] Linking upk 00010772
[2026-07-18T18:52:01] [EffectRemover] Not found any file or link related to 00010772 (NN)
[2026-07-18T18:52:01] [EffectRemover] 00010772 was marked as corrupted/missing, please use repair animation functions
[2026-07-18T18:52:01] [EffectRemover] Linking upk 00011949
[2026-07-18T18:52:01] [EffectRemover] Not found any file or link related to 00011949 (NN)
[2026-07-18T18:52:01] [EffectRemover] 00011949 was marked as corrupted/missing, please use repair animation functions
[2026-07-18T18:52:01] [EffectRemover] Linking upk 00012009
[2026-07-18T18:52:01] [EffectRemover] Not found any file or link related to 00012009 (NN)
[2026-07-18T18:52:01] [EffectRemover] 00012009 was marked as corrupted/missing, please use repair animation functions
[2026-07-18T18:52:01] [EffectRemover] Linking upk 00026129
[2026-07-18T18:52:01] [EffectRemover] Not found any file or link related to 00026129 (NN)
[2026-07-18T18:52:01] [EffectRemover] 00026129 was marked as corrupted/missing, please use repair animation functions
[2026-07-18T18:52:01] [EffectRemover] Linking upk 00060729
[2026-07-18T18:52:01] [EffectRemover] Not found any file or link related to 00060729 (NN)
[2026-07-18T18:52:01] [EffectRemover] 00060729 was marked as corrupted/missing, please use repair animation functions
[2026-07-18T18:52:01] [EffectRemover] Linking upk 68999999
[2026-07-18T18:52:01] [EffectRemover] Not found any file or link related to 68999999 (NN)
[2026-07-18T18:52:01] [EffectRemover] 68999999 was marked as corrupted/missing, please use repair animation functions
[2026-07-18T18:52:01] [EffectRemover] Linking upk 69000000
[2026-07-18T18:52:01] [EffectRemover] Not found any file or link related to 69000000 (NN)
[2026-07-18T18:52:01] [EffectRemover] 69000000 was marked as corrupted/missing, please use repair animation functions
[2026-07-18T18:52:01] [EffectRemover] Linking upk 00061144
[2026-07-18T18:52:01] [EffectRemover] Not found any file or link related to 00061144 (NN)
[2026-07-18T18:52:01] [EffectRemover] 00061144 was marked as corrupted/missing, please use repair animation functions
[2026-07-18T18:52:01] [EffectRemover] Linking upk 00003814
[2026-07-18T18:52:01] [EffectRemover] Not found any file or link related to 00003814 (NN)
[2026-07-18T18:52:01] [EffectRemover] 00003814 was marked as corrupted/missing, please use repair animation functions
[2026-07-18T18:52:01] [EffectRemover] Linking upk 00007242
[2026-07-18T18:52:01] [EffectRemover] Not found any file or link related to 00007242 (NN)
[2026-07-18T18:52:01] [EffectRemover] 00007242 was marked as corrupted/missing, please use repair animation functions
[2026-07-18T18:52:01] [EffectRemover] Linking upk 00008904
[2026-07-18T18:52:01] [EffectRemover] Not found any file or link related to 00008904 (NN)
[2026-07-18T18:52:01] [EffectRemover] 00008904 was marked as corrupted/missing, please use repair animation functions
[2026-07-18T18:52:01] [EffectRemover] Not found any file or link related to 00024690 (NN)
[2026-07-18T18:52:01] [EffectRemover] 00024690 was marked as corrupted/missing, please use repair animation functions
[2026-07-18T18:52:01] [EffectRemover] Linking upk 00059534
[2026-07-18T18:52:01] [EffectRemover] Not found any file or link related to 00059534 (NN)
[2026-07-18T18:52:01] [EffectRemover] 00059534 was marked as corrupted/missing, please use repair animation functions
[2026-07-18T18:52:01] [EffectRemover] 00061144 was marked as corrupted/missing, please use repair animation functions
[2026-07-18T18:52:01] [EffectRemover] 68999999 was marked as corrupted/missing, please use repair animation functions
[2026-07-18T18:52:01] [EffectRemover] 69000000 was marked as corrupted/missing, please use repair animation functions
[2026-07-18T18:52:01] [EffectRemover] Unlinking upk 00064735
[2026-07-18T18:52:01] [EffectRemover] Not found any file or link related to 00064735 (NN)
[2026-07-18T18:52:01] [EffectRemover] 00064735 was marked as corrupted/missing, please use repair animation functions
[2026-07-18T18:52:01] [EffectRemover] Linking upk 00056583
[2026-07-18T18:52:01] [EffectRemover] Not found any file or link related to 00056583 (NN)
[2026-07-18T18:52:01] [EffectRemover] 00056583 was marked as corrupted/missing, please use repair animation functions
[2026-07-18T18:52:01] [EffectRemover] Linking upk 00056585
[2026-07-18T18:52:01] [EffectRemover] Not found any file or link related to 00056585 (NN)
[2026-07-18T18:52:01] [EffectRemover] 00056585 was marked as corrupted/missing, please use repair animation functions
[2026-07-18T18:52:01] [EffectRemover] Unlinking upk 00056578
[2026-07-18T18:52:01] [EffectRemover] Not found any file or link related to 00056578 (NN)
[2026-07-18T18:52:01] [EffectRemover] 00056578 was marked as corrupted/missing, please use repair animation functions
[2026-07-18T18:52:01] [EffectRemover] Unlinking upk 00056581
[2026-07-18T18:52:01] [EffectRemover] Not found any file or link related to 00056581 (NN)
[2026-07-18T18:52:01] [EffectRemover] 00056581 was marked as corrupted/missing, please use repair animation functions
[2026-07-18T18:52:01] [EffectRemover] Unlinking upk 00056580
[2026-07-18T18:52:01] [EffectRemover] Not found any file or link related to 00056580 (NN)
[2026-07-18T18:52:01] [EffectRemover] 00056580 was marked as corrupted/missing, please use repair animation functions
[2026-07-18T18:52:01] [EffectRemover] Unlinking upk 00056582
[2026-07-18T18:52:01] [EffectRemover] Not found any file or link related to 00056582 (NN)
[2026-07-18T18:52:01] [EffectRemover] Unlinking upk 00056579
[2026-07-18T18:52:01] [EffectRemover] Not found any file or link related to 00056579 (NN)
[2026-07-18T18:52:01] [EffectRemover] 00056579 was marked as corrupted/missing, please use repair animation functions
[2026-07-18T18:52:01] [EffectRemover] Unlinking upk 00056587
[2026-07-18T18:52:01] [EffectRemover] Not found any file or link related to 00056587 (NN)
[2026-07-18T18:52:01] [EffectRemover] 00056587 was marked as corrupted/missing, please use repair animation functions
[2026-07-18T18:52:01] [EffectRemover] Unlinking upk 00056584
[2026-07-18T18:52:01] [EffectRemover] Not found any file or link related to 00056584 (NN)
[2026-07-18T18:52:01] [EffectRemover] 00056584 was marked as corrupted/missing, please use repair animation functions
[2026-07-18T18:52:01] [EffectRemover] Unlinking upk 00056586
[2026-07-18T18:52:01] [EffectRemover] Not found any file or link related to 00056586 (NN)
[2026-07-18T18:52:01] [EffectRemover] 00056586 was marked as corrupted/missing, please use repair animation functions
[2026-07-18T18:52:01] [EffectRemover] Unlinking upk 00056588
[2026-07-18T18:52:01] [EffectRemover] Not found any file or link related to 00056588 (NN)
[2026-07-18T18:52:01] [EffectRemover] 00056588 was marked as corrupted/missing, please use repair animation functions
[2026-07-18T18:52:01] [EffectRemover] Unlinking upk 00076159
[2026-07-18T18:52:01] [EffectRemover] Not found any file or link related to 00076159 (NN)
[2026-07-18T18:52:01] [EffectRemover] 00076159 was marked as corrupted/missing, please use repair animation functions
[2026-07-18T18:52:01] [EffectRemover] Profile default applied
